Determining if the pthread_create exist failed with the following output:
Change Dir: /home/helabnx/code/vicon_ws/src/nvcsiapriltag/build/CMakeFiles/CMakeTmp

Run Build Command:"/usr/bin/ninja" "cmTC_40c8e"
[1/2] Building C object CMakeFiles/cmTC_40c8e.dir/CheckSymbolExists.c.o
[2/2] Linking C executable cmTC_40c8e
FAILED: cmTC_40c8e 
: && /usr/bin/cc -fPIC  -rdynamic CMakeFiles/cmTC_40c8e.dir/CheckSymbolExists.c.o  -o cmTC_40c8e   && :
CMakeFiles/cmTC_40c8e.dir/CheckSymbolExists.c.o: In function `main':
CheckSymbolExists.c:(.text+0x14): undefined reference to `pthread_create'
CheckSymbolExists.c:(.text+0x18): undefined reference to `pthread_create'
collect2: error: ld returned 1 exit status
ninja: build stopped: subcommand failed.

File /home/helabnx/code/vicon_ws/src/nvcsiapriltag/build/CMakeFiles/CMakeTmp/CheckSymbolExists.c:
/* */
#include <pthread.h>

int main(int argc, char** argv)
{
  (void)argv;
#ifndef pthread_create
  return ((int*)(&pthread_create))[argc];
#else
  (void)argc;
  return 0;
#endif
}

Determining if the function pthread_create exists in the pthreads failed with the following output:
Change Dir: /home/helabnx/code/vicon_ws/src/nvcsiapriltag/build/CMakeFiles/CMakeTmp

Run Build Command:"/usr/bin/ninja" "cmTC_64e4a"
[1/2] Building C object CMakeFiles/cmTC_64e4a.dir/CheckFunctionExists.c.o
[2/2] Linking C executable cmTC_64e4a
FAILED: cmTC_64e4a 
: && /usr/bin/cc -fPIC -DCHECK_FUNCTION_EXISTS=pthread_create  -rdynamic CMakeFiles/cmTC_64e4a.dir/CheckFunctionExists.c.o  -o cmTC_64e4a  -lpthreads && :
/usr/bin/ld: cannot find -lpthreads
collect2: error: ld returned 1 exit status
ninja: build stopped: subcommand failed.


